<?xml version="1.0" encoding="UTF-8"?>
<testng-results ignored="0" total="1" passed="1" failed="0" skipped="0">
  <reporter-output>
  </reporter-output>
  <suite started-at="2022-02-01T11:53:45 CET" name="Default suite" finished-at="2022-02-01T11:53:59 CET" duration-ms="13724">
    <groups>
    </groups>
    <test started-at="2022-02-01T11:53:45 CET" name="Default test" finished-at="2022-02-01T11:53:59 CET" duration-ms="13724">
      <class name="DriverFactory.AppTest">
        <test-method signature="kickStart()[pri:0, instance:DriverFactory.AppTest@2eae8e6e]" started-at="2022-02-01T11:53:45 CET" name="kickStart" finished-at="2022-02-01T11:53:59 CET" duration-ms="13687" status="PASS">
          <reporter-output>
          </reporter-output>
        </test-method> <!-- kickStart -->
      </class> <!-- DriverFactory.AppTest -->
    </test> <!-- Default test -->
  </suite> <!-- Default suite -->
</testng-results>
